<?xml version="1.0" encoding="UTF-8"?>
<!-- Generated by org.testng.reporters.JUnitReportReporter -->
<testsuite hostname="CSD-SYS64" failures="0" tests="1" name="sjcit_test.App_test" time="0.018" errors="0" timestamp="2025-05-10T15:27:57 IST" skipped="0">
  <testcase classname="sjcit_test.App_test" name="testlogin2" time="0.018"/>
</testsuite> <!-- sjcit_test.App_test -->
